<?xml version="1.0" encoding="UTF-8"?>
<!-- Generated by org.testng.reporters.JUnitXMLReporter -->
<testsuite hostname="Sezers-Mac-mini" ignored="3" name="HubSpot Functional Regression Test" tests="8" failures="2" timestamp="15 Jul 2020 19:38:05 GMT" time="80.84" errors="0">
  <testcase name="verifyHomePageTitleTest" time="0.03" classname="com.qa.hubspot.tests.HomePageTest">
    <failure type="java.lang.AssertionError" message="expected [Reports Dashboard] but found [Dashboard Library]">
      <![CDATA[java.lang.AssertionError: expected [Reports Dashboard] but found [Dashboard Library]
at com.qa.hubspot.tests.HomePageTest.verifyHomePageTitleTest(HomePageTest.java:45)
... Removed 31 stack frames]]>
    </failure>
  </testcase> <!-- verifyHomePageTitleTest -->
  <testcase name="verifyHomePageHeaderTest" time="20.111" classname="com.qa.hubspot.tests.HomePageTest">
    <failure type="java.lang.AssertionError" message="expected [Marketing Dashboard] but found [null]">
      <![CDATA[java.lang.AssertionError: expected [Marketing Dashboard] but found [null]
at com.qa.hubspot.tests.HomePageTest.verifyHomePageHeaderTest(HomePageTest.java:52)
... Removed 31 stack frames]]>
    </failure>
  </testcase> <!-- verifyHomePageHeaderTest -->
  <testcase name="verifyLoggedInUserTest" time="1.321" classname="com.qa.hubspot.tests.HomePageTest"/>
  <testcase name="login_invalidTestCase" time="6.227" classname="com.qa.hubspot.tests.LoginPageTest"/>
  <testcase name="login_invalidTestCase" time="5.564" classname="com.qa.hubspot.tests.LoginPageTest"/>
  <testcase name="login_invalidTestCase" time="5.578" classname="com.qa.hubspot.tests.LoginPageTest"/>
  <testcase name="login_invalidTestCase" time="6.016" classname="com.qa.hubspot.tests.LoginPageTest"/>
  <testcase name="login_invalidTestCase" time="5.192" classname="com.qa.hubspot.tests.LoginPageTest"/>
  <testcase name="verifyPageTitleTest" time="0.0" classname="com.qa.hubspot.tests.LoginPageTest">
    <ignored/>
  </testcase> <!-- verifyPageTitleTest -->
  <testcase name="verifySignUpLink" time="0.0" classname="com.qa.hubspot.tests.LoginPageTest">
    <ignored/>
  </testcase> <!-- verifySignUpLink -->
  <testcase name="loginTest" time="0.0" classname="com.qa.hubspot.tests.LoginPageTest">
    <ignored/>
  </testcase> <!-- loginTest -->
</testsuite> <!-- HubSpot Functional Regression Test -->
